<?xml version="1.0" encoding="UTF-8"?>
<testng-results ignored="0" total="1" passed="1" failed="0" skipped="0">
  <reporter-output>
  </reporter-output>
  <suite started-at="2023-10-07T06:25:21 IST" name="Suite" finished-at="2023-10-07T06:25:23 IST" duration-ms="1614">
    <groups>
    </groups>
    <test started-at="2023-10-07T06:25:21 IST" name="Test" finished-at="2023-10-07T06:25:23 IST" duration-ms="1614">
      <class name="Modules.ApplyLeave">
        <test-method signature="applyleavemodule()[pri:0, instance:Modules.ApplyLeave@4c2fb9dd]" started-at="2023-10-07T06:25:21 IST" name="applyleavemodule" finished-at="2023-10-07T06:25:23 IST" duration-ms="1525" status="PASS">
          <reporter-output>
          </reporter-output>
        </test-method> <!-- applyleavemodule -->
      </class> <!-- Modules.ApplyLeave -->
    </test> <!-- Test -->
  </suite> <!-- Suite -->
</testng-results>
