<?xml version="1.0" encoding="UTF-8"?>
<testng-results ignored="0" total="1" passed="1" failed="0" skipped="0">
  <reporter-output>
  </reporter-output>
  <suite started-at="2023-10-07T05:28:08 IST" name="Default suite" finished-at="2023-10-07T05:28:10 IST" duration-ms="1865">
    <groups>
    </groups>
    <test started-at="2023-10-07T05:28:08 IST" name="Default test" finished-at="2023-10-07T05:28:10 IST" duration-ms="1865">
      <class name="Modules.ApplyLeave">
        <test-method signature="applyleavemodule()[pri:0, instance:Modules.ApplyLeave@54402c04]" started-at="2023-10-07T05:28:09 IST" name="applyleavemodule" finished-at="2023-10-07T05:28:10 IST" duration-ms="1788" status="PASS">
          <reporter-output>
          </reporter-output>
        </test-method> <!-- applyleavemodule -->
      </class> <!-- Modules.ApplyLeave -->
    </test> <!-- Default test -->
  </suite> <!-- Default suite -->
</testng-results>
